{"level":"info","message":"Atualizando colaborador: teste.teste@sameengenharia.com.br","timestamp":"2025-02-20T22:59:18.990Z"}
{"level":"info","message":"Colaborador atualizado com sucesso: teste.teste@sameengenharia.com.br","timestamp":"2025-02-20T22:59:19.933Z"}
{"level":"info","message":"Procurando colaborador com e-mail: teste.teste@sameengenharia.com.br","timestamp":"2025-02-20T23:01:12.072Z"}
{"level":"info","message":"Colaborador encontrado: teste.teste@sameengenharia.com.br","timestamp":"2025-02-20T23:01:12.750Z"}
{"level":"info","message":"Buscando todos os colaboradores","timestamp":"2025-02-20T23:01:36.345Z"}
{"level":"info","message":"Foram encontrados 19 colaboradores","timestamp":"2025-02-20T23:01:36.910Z"}
{"level":"info","message":"Excluindo colaborador: teste.teste@sameengenharia.com.br","timestamp":"2025-02-20T23:02:14.577Z"}
{"level":"info","message":"Colaborador excluído com sucesso: teste.teste@sameengenharia.com.br","timestamp":"2025-02-20T23:02:14.834Z"}
{"level":"info","message":"Procurando colaborador com e-mail: teste@sameengenharia.com.br","timestamp":"2025-02-20T23:05:02.421Z"}
{"level":"error","message":"Colaborador não encontrado: teste@sameengenharia.com.br","timestamp":"2025-02-20T23:05:02.875Z"}
{"level":"error","message":"Erro ao encontrar colaborador: O colaborador não foi encontrado.","timestamp":"2025-02-20T23:05:02.876Z"}
{"level":"error","message":"Erro na autenticação do colaborador: O colaborador não foi encontrado.","timestamp":"2025-02-20T23:05:02.877Z"}
{"level":"info","message":"Procurando colaborador com e-mail: teste.teste@sameengenharia.com.br","timestamp":"2025-02-20T23:05:37.156Z"}
{"level":"error","message":"Colaborador não encontrado: teste.teste@sameengenharia.com.br","timestamp":"2025-02-20T23:05:37.414Z"}
{"level":"error","message":"Erro ao encontrar colaborador: O colaborador não foi encontrado.","timestamp":"2025-02-20T23:05:37.415Z"}
{"level":"error","message":"Erro na autenticação do colaborador: O colaborador não foi encontrado.","timestamp":"2025-02-20T23:05:37.416Z"}
{"level":"info","message":"Procurando colaborador com e-mail: lucas.sobral@sameengenharia.com.br","timestamp":"2025-02-20T23:06:01.624Z"}
{"level":"info","message":"Colaborador encontrado: lucas.sobral@sameengenharia.com.br","timestamp":"2025-02-20T23:06:01.872Z"}
{"level":"error","message":"Erro na autenticação do colaborador: Senha incorreta.","timestamp":"2025-02-20T23:06:01.873Z"}
{"level":"info","message":"Procurando colaborador com e-mail: lucas.sobral@sameengenharia.com.br","timestamp":"2025-02-20T23:06:29.065Z"}
{"level":"info","message":"Colaborador encontrado: lucas.sobral@sameengenharia.com.br","timestamp":"2025-02-20T23:06:29.304Z"}
{"level":"error","message":"Erro na autenticação do colaborador: Senha incorreta.","timestamp":"2025-02-20T23:06:29.307Z"}
{"level":"info","message":"Procurando colaborador com e-mail: lucas.sobral@sameengenharia.com.br","timestamp":"2025-02-20T23:06:36.295Z"}
{"level":"info","message":"Colaborador encontrado: lucas.sobral@sameengenharia.com.br","timestamp":"2025-02-20T23:06:36.523Z"}
{"level":"error","message":"Erro na autenticação do colaborador: Senha incorreta.","timestamp":"2025-02-20T23:06:36.524Z"}
{"level":"info","message":"Procurando colaborador com e-mail: lucas.sobral@sameengenharia.com.br","timestamp":"2025-02-20T23:07:57.220Z"}
{"level":"info","message":"Colaborador encontrado: lucas.sobral@sameengenharia.com.br","timestamp":"2025-02-20T23:07:57.625Z"}
{"level":"info","message":"Procurando colaborador com e-mail: lucas.sobral@sameengenharia.com.br","timestamp":"2025-02-20T23:08:35.298Z"}
{"level":"info","message":"Colaborador encontrado: lucas.sobral@sameengenharia.com.br","timestamp":"2025-02-20T23:08:35.583Z"}
{"level":"error","message":"Erro na autenticação do colaborador: Senha incorreta.","timestamp":"2025-02-20T23:08:35.584Z"}
{"level":"info","message":"Creating new employee with email: lucasbomfimsobral@gmail.com","timestamp":"2025-02-20T23:11:19.515Z"}
{"level":"info","message":"Procurando colaborador com e-mail: lucasbomfimsobral@gmail.com","timestamp":"2025-02-20T23:11:19.516Z"}
{"level":"error","message":"Colaborador não encontrado: lucasbomfimsobral@gmail.com","timestamp":"2025-02-20T23:11:19.953Z"}
{"level":"error","message":"Erro ao encontrar colaborador: O colaborador não foi encontrado.","timestamp":"2025-02-20T23:11:19.954Z"}
{"error":{"code":"23505","details":"Key (id)=(1) already exists.","hint":null,"message":"duplicate key value violates unique constraint \"employees_pkey\""},"level":"error","message":"Failed to create employee: lucasbomfimsobral@gmail.com","timestamp":"2025-02-20T23:11:20.248Z"}
{"level":"error","message":"Error creating employee: Não foi possível criar o colaborador.","timestamp":"2025-02-20T23:11:20.249Z"}
{"level":"info","message":"Creating new employee with email: lucas.sobral@sameengenharia.com.br","timestamp":"2025-02-20T23:17:31.612Z"}
{"level":"info","message":"Procurando colaborador com e-mail: lucas.sobral@sameengenharia.com.br","timestamp":"2025-02-20T23:17:31.613Z"}
{"level":"error","message":"Colaborador não encontrado: lucas.sobral@sameengenharia.com.br","timestamp":"2025-02-20T23:17:32.053Z"}
{"level":"error","message":"Erro ao encontrar colaborador: O colaborador não foi encontrado.","timestamp":"2025-02-20T23:17:32.054Z"}
{"level":"info","message":"Employee created successfully: lucas.sobral@sameengenharia.com.br","timestamp":"2025-02-20T23:17:32.364Z"}
{"level":"info","message":"Procurando colaborador com e-mail: lucas.sobral@sameengenharia.com.br","timestamp":"2025-02-20T23:18:41.207Z"}
{"level":"info","message":"Colaborador encontrado: lucas.sobral@sameengenharia.com.br","timestamp":"2025-02-20T23:18:41.605Z"}
{"level":"info","message":"Procurando colaborador com e-mail: lucas.sobral@sameengenharia.com.br","timestamp":"2025-02-20T23:19:22.079Z"}
{"level":"info","message":"Colaborador encontrado: lucas.sobral@sameengenharia.com.br","timestamp":"2025-02-20T23:19:22.456Z"}
{"level":"info","message":"Procurando colaborador com e-mail: lucas.sobral@sameengenharia.com.br","timestamp":"2025-02-20T23:19:46.813Z"}
{"level":"info","message":"Colaborador encontrado: lucas.sobral@sameengenharia.com.br","timestamp":"2025-02-20T23:19:47.184Z"}
{"level":"info","message":"Autenticando colaborador: lucas.sobral@sameengenharia.com.br","timestamp":"2025-02-20T23:44:15.588Z"}
{"level":"error","message":"Colaborador não encontrado: lucas.sobral@sameengenharia.com.br","timestamp":"2025-02-20T23:44:16.487Z"}
{"level":"error","message":"Erro ao encontrar colaborador: O colaborador não foi encontrado.","timestamp":"2025-02-20T23:44:16.488Z"}
{"level":"error","message":"Erro na autenticação do colaborador: O colaborador não foi encontrado.","timestamp":"2025-02-20T23:44:16.489Z"}
{"level":"info","message":"Autenticando colaborador: lucas.sobral@sameengenharia.com.br","timestamp":"2025-02-20T23:45:43.483Z"}
{"level":"error","message":"Colaborador não encontrado: lucas.sobral@sameengenharia.com.br","timestamp":"2025-02-20T23:45:44.096Z"}
{"level":"error","message":"Erro ao encontrar colaborador: O colaborador não foi encontrado.","timestamp":"2025-02-20T23:45:44.097Z"}
{"level":"error","message":"Erro na autenticação do colaborador: O colaborador não foi encontrado.","timestamp":"2025-02-20T23:45:44.097Z"}
{"level":"info","message":"Procurando colaborador com e-mail: lucas.sobral@sameengenharia.com.br","timestamp":"2025-02-20T23:46:58.360Z"}
{"level":"info","message":"Colaborador encontrado: lucas.sobral@sameengenharia.com.br","timestamp":"2025-02-20T23:46:58.861Z"}
{"level":"error","message":"Erro na autenticação do colaborador: password is not defined","timestamp":"2025-02-20T23:46:58.863Z"}
{"level":"info","message":"Autenticando colaborador: lucas.sobral@sameengenharia.com.br","timestamp":"2025-02-20T23:54:23.264Z"}
{"level":"info","message":"Colaborador encontrado: lucas.sobral@sameengenharia.com.br","timestamp":"2025-02-20T23:54:24.015Z"}
{"level":"info","message":"Creating new employee with email: fabiane.santos@sameengenharia.com.br","timestamp":"2025-02-20T23:54:53.708Z"}
{"level":"info","message":"Procurando colaborador com e-mail: fabiane.santos@sameengenharia.com.br","timestamp":"2025-02-20T23:54:53.709Z"}
{"level":"error","message":"Colaborador não encontrado: fabiane.santos@sameengenharia.com.br","timestamp":"2025-02-20T23:54:54.281Z"}
{"level":"error","message":"Erro ao encontrar colaborador: O colaborador não foi encontrado.","timestamp":"2025-02-20T23:54:54.283Z"}
{"level":"info","message":"Employee created successfully: fabiane.santos@sameengenharia.com.br","timestamp":"2025-02-20T23:54:54.601Z"}
{"level":"info","message":"Buscando todos os colaboradores","timestamp":"2025-02-20T23:55:33.680Z"}
{"level":"info","message":"Foram encontrados 2 colaboradores","timestamp":"2025-02-20T23:55:34.241Z"}
{"level":"info","message":"Procurando colaborador com e-mail: lucas.sobral@sameengenharia.com.br","timestamp":"2025-02-20T23:55:40.473Z"}
{"level":"info","message":"Colaborador encontrado: lucas.sobral@sameengenharia.com.br","timestamp":"2025-02-20T23:55:40.715Z"}
{"level":"info","message":"Excluindo colaborador: fabiane.santos@sameengenharia.com.br","timestamp":"2025-02-20T23:56:51.955Z"}
{"level":"info","message":"Colaborador excluído com sucesso: fabiane.santos@sameengenharia.com.br","timestamp":"2025-02-20T23:56:52.364Z"}
{"level":"info","message":"Creating new employee with email: fabiane.santos@sameengenharia.com.br","timestamp":"2025-02-20T23:57:09.196Z"}
{"level":"info","message":"Procurando colaborador com e-mail: fabiane.santos@sameengenharia.com.br","timestamp":"2025-02-20T23:57:09.197Z"}
{"level":"error","message":"Colaborador não encontrado: fabiane.santos@sameengenharia.com.br","timestamp":"2025-02-20T23:57:09.450Z"}
{"level":"error","message":"Erro ao encontrar colaborador: O colaborador não foi encontrado.","timestamp":"2025-02-20T23:57:09.451Z"}
{"level":"info","message":"Employee created successfully: fabiane.santos@sameengenharia.com.br","timestamp":"2025-02-20T23:57:09.755Z"}
{"level":"info","message":"Excluindo colaborador: fabiane.santos@sameengenharia.com.br","timestamp":"2025-02-21T00:00:49.625Z"}
{"level":"info","message":"Colaborador excluído com sucesso: fabiane.santos@sameengenharia.com.br","timestamp":"2025-02-21T00:00:50.068Z"}
{"level":"info","message":"Creating new employee with email: fabiane.santos@sameengenharia.com.br","timestamp":"2025-02-21T00:01:26.519Z"}
{"level":"info","message":"Procurando colaborador com e-mail: fabiane.santos@sameengenharia.com.br","timestamp":"2025-02-21T00:01:26.520Z"}
{"level":"error","message":"Colaborador não encontrado: fabiane.santos@sameengenharia.com.br","timestamp":"2025-02-21T00:01:26.779Z"}
{"level":"error","message":"Erro ao encontrar colaborador: O colaborador não foi encontrado.","timestamp":"2025-02-21T00:01:26.780Z"}
{"level":"info","message":"Employee created successfully: fabiane.santos@sameengenharia.com.br","timestamp":"2025-02-21T00:01:27.070Z"}
{"level":"info","message":"Atualizando colaborador: fabiane.santos@sameengenharia.com.br","timestamp":"2025-02-21T00:02:57.665Z"}
{"level":"info","message":"Colaborador atualizado com sucesso: fabiane.santos@sameengenharia.com.br","timestamp":"2025-02-21T00:02:58.655Z"}
{"level":"info","message":"Procurando colaborador com e-mail: fabiane.santos@sameengenharia.com.br","timestamp":"2025-02-21T00:04:00.463Z"}
{"level":"info","message":"Colaborador encontrado: fabiane.santos@sameengenharia.com.br","timestamp":"2025-02-21T00:04:00.721Z"}
{"level":"info","message":"Buscando todos os colaboradores","timestamp":"2025-02-21T00:04:18.741Z"}
{"level":"info","message":"Foram encontrados 2 colaboradores","timestamp":"2025-02-21T00:04:19.056Z"}
{"level":"info","message":"Procurando colaborador com e-mail: fabiane.santos@sameengenharia.com.br","timestamp":"2025-02-21T00:04:21.988Z"}
{"level":"info","message":"Colaborador encontrado: fabiane.santos@sameengenharia.com.br","timestamp":"2025-02-21T00:04:22.203Z"}
{"level":"info","message":"Excluindo colaborador: fabiane.santos@sameengenharia.com.br","timestamp":"2025-02-21T00:04:46.317Z"}
{"level":"info","message":"Colaborador excluído com sucesso: fabiane.santos@sameengenharia.com.br","timestamp":"2025-02-21T00:04:46.559Z"}
{"level":"info","message":"Creating new employee with email: fabiane.santos@sameengenharia.com.br","timestamp":"2025-02-21T00:08:21.397Z"}
{"level":"info","message":"Procurando colaborador com e-mail: fabiane.santos@sameengenharia.com.br","timestamp":"2025-02-21T00:08:21.401Z"}
{"level":"error","message":"Colaborador não encontrado: fabiane.santos@sameengenharia.com.br","timestamp":"2025-02-21T00:08:21.966Z"}
{"level":"error","message":"Erro ao encontrar colaborador: O colaborador não foi encontrado.","timestamp":"2025-02-21T00:08:21.968Z"}
{"level":"info","message":"Employee created successfully: fabiane.santos@sameengenharia.com.br","timestamp":"2025-02-21T00:08:22.287Z"}
{"level":"info","message":"Autenticando colaborador: fabiane.santos@sameengenharia.com.br","timestamp":"2025-02-21T00:08:59.843Z"}
{"level":"info","message":"Colaborador encontrado: fabiane.santos@sameengenharia.com.br","timestamp":"2025-02-21T00:09:00.311Z"}
{"level":"info","message":"Autenticando colaborador: fabiane.santos@sameengenharia.com.br","timestamp":"2025-02-21T00:09:29.654Z"}
{"level":"info","message":"Colaborador encontrado: fabiane.santos@sameengenharia.com.br","timestamp":"2025-02-21T00:09:30.134Z"}
{"level":"info","message":"Excluindo colaborador: lucas.sobral@sameengenharia.com.br","timestamp":"2025-02-21T00:09:59.751Z"}
{"level":"info","message":"Colaborador excluído com sucesso: lucas.sobral@sameengenharia.com.br","timestamp":"2025-02-21T00:10:00.024Z"}
{"level":"info","message":"Creating new employee with email: lucas.sobral@sameengenharia.com.br","timestamp":"2025-02-21T00:10:55.757Z"}
{"level":"info","message":"Procurando colaborador com e-mail: lucas.sobral@sameengenharia.com.br","timestamp":"2025-02-21T00:10:55.758Z"}
{"level":"error","message":"Colaborador não encontrado: lucas.sobral@sameengenharia.com.br","timestamp":"2025-02-21T00:10:56.015Z"}
{"level":"error","message":"Erro ao encontrar colaborador: O colaborador não foi encontrado.","timestamp":"2025-02-21T00:10:56.016Z"}
{"level":"info","message":"Employee created successfully: lucas.sobral@sameengenharia.com.br","timestamp":"2025-02-21T00:10:56.378Z"}
{"level":"info","message":"Autenticando colaborador: fabiane.santos@sameengenharia.com.br","timestamp":"2025-02-21T00:18:21.349Z"}
{"level":"info","message":"Colaborador encontrado: fabiane.santos@sameengenharia.com.br","timestamp":"2025-02-21T00:18:22.011Z"}
{"level":"info","message":"Autenticando colaborador: fabiane.santos@sameengenharia.com.br","timestamp":"2025-02-21T00:36:47.994Z"}
{"level":"info","message":"Colaborador encontrado: fabiane.santos@sameengenharia.com.br","timestamp":"2025-02-21T00:36:48.988Z"}
