{"level":"error","message":"Colaborador não encontrado: teste@sameengenharia.com.br","timestamp":"2025-02-20T23:05:02.875Z"}
{"level":"error","message":"Erro ao encontrar colaborador: O colaborador não foi encontrado.","timestamp":"2025-02-20T23:05:02.876Z"}
{"level":"error","message":"Erro na autenticação do colaborador: O colaborador não foi encontrado.","timestamp":"2025-02-20T23:05:02.877Z"}
{"level":"error","message":"Colaborador não encontrado: teste.teste@sameengenharia.com.br","timestamp":"2025-02-20T23:05:37.414Z"}
{"level":"error","message":"Erro ao encontrar colaborador: O colaborador não foi encontrado.","timestamp":"2025-02-20T23:05:37.415Z"}
{"level":"error","message":"Erro na autenticação do colaborador: O colaborador não foi encontrado.","timestamp":"2025-02-20T23:05:37.416Z"}
{"level":"error","message":"Erro na autenticação do colaborador: Senha incorreta.","timestamp":"2025-02-20T23:06:01.873Z"}
{"level":"error","message":"Erro na autenticação do colaborador: Senha incorreta.","timestamp":"2025-02-20T23:06:29.307Z"}
{"level":"error","message":"Erro na autenticação do colaborador: Senha incorreta.","timestamp":"2025-02-20T23:06:36.524Z"}
{"level":"error","message":"Erro na autenticação do colaborador: Senha incorreta.","timestamp":"2025-02-20T23:08:35.584Z"}
{"level":"error","message":"Colaborador não encontrado: lucasbomfimsobral@gmail.com","timestamp":"2025-02-20T23:11:19.953Z"}
{"level":"error","message":"Erro ao encontrar colaborador: O colaborador não foi encontrado.","timestamp":"2025-02-20T23:11:19.954Z"}
{"error":{"code":"23505","details":"Key (id)=(1) already exists.","hint":null,"message":"duplicate key value violates unique constraint \"employees_pkey\""},"level":"error","message":"Failed to create employee: lucasbomfimsobral@gmail.com","timestamp":"2025-02-20T23:11:20.248Z"}
{"level":"error","message":"Error creating employee: Não foi possível criar o colaborador.","timestamp":"2025-02-20T23:11:20.249Z"}
{"level":"error","message":"Colaborador não encontrado: lucas.sobral@sameengenharia.com.br","timestamp":"2025-02-20T23:17:32.053Z"}
{"level":"error","message":"Erro ao encontrar colaborador: O colaborador não foi encontrado.","timestamp":"2025-02-20T23:17:32.054Z"}
{"level":"error","message":"Colaborador não encontrado: lucas.sobral@sameengenharia.com.br","timestamp":"2025-02-20T23:44:16.487Z"}
{"level":"error","message":"Erro ao encontrar colaborador: O colaborador não foi encontrado.","timestamp":"2025-02-20T23:44:16.488Z"}
{"level":"error","message":"Erro na autenticação do colaborador: O colaborador não foi encontrado.","timestamp":"2025-02-20T23:44:16.489Z"}
{"level":"error","message":"Colaborador não encontrado: lucas.sobral@sameengenharia.com.br","timestamp":"2025-02-20T23:45:44.096Z"}
{"level":"error","message":"Erro ao encontrar colaborador: O colaborador não foi encontrado.","timestamp":"2025-02-20T23:45:44.097Z"}
{"level":"error","message":"Erro na autenticação do colaborador: O colaborador não foi encontrado.","timestamp":"2025-02-20T23:45:44.097Z"}
{"level":"error","message":"Erro na autenticação do colaborador: password is not defined","timestamp":"2025-02-20T23:46:58.863Z"}
{"level":"error","message":"Colaborador não encontrado: fabiane.santos@sameengenharia.com.br","timestamp":"2025-02-20T23:54:54.281Z"}
{"level":"error","message":"Erro ao encontrar colaborador: O colaborador não foi encontrado.","timestamp":"2025-02-20T23:54:54.283Z"}
{"level":"error","message":"Colaborador não encontrado: fabiane.santos@sameengenharia.com.br","timestamp":"2025-02-20T23:57:09.450Z"}
{"level":"error","message":"Erro ao encontrar colaborador: O colaborador não foi encontrado.","timestamp":"2025-02-20T23:57:09.451Z"}
{"level":"error","message":"Colaborador não encontrado: fabiane.santos@sameengenharia.com.br","timestamp":"2025-02-21T00:01:26.779Z"}
{"level":"error","message":"Erro ao encontrar colaborador: O colaborador não foi encontrado.","timestamp":"2025-02-21T00:01:26.780Z"}
{"level":"error","message":"Colaborador não encontrado: fabiane.santos@sameengenharia.com.br","timestamp":"2025-02-21T00:08:21.966Z"}
{"level":"error","message":"Erro ao encontrar colaborador: O colaborador não foi encontrado.","timestamp":"2025-02-21T00:08:21.968Z"}
{"level":"error","message":"Colaborador não encontrado: lucas.sobral@sameengenharia.com.br","timestamp":"2025-02-21T00:10:56.015Z"}
{"level":"error","message":"Erro ao encontrar colaborador: O colaborador não foi encontrado.","timestamp":"2025-02-21T00:10:56.016Z"}
